<?xml version="1.0" encoding="UTF-8"?>
<testng-results ignored="0" total="1" passed="1" failed="0" skipped="0">
  <reporter-output>
  </reporter-output>
  <suite started-at="2020-08-12T20:33:51 IST" name="Default suite" finished-at="2020-08-12T20:35:44 IST" duration-ms="112964">
    <groups>
    </groups>
    <test started-at="2020-08-12T20:33:51 IST" name="Default test" finished-at="2020-08-12T20:35:44 IST" duration-ms="112964">
      <class name="Barcode.barcodegenerator">
        <test-method signature="barcodereader()[pri:0, instance:Barcode.barcodegenerator@41fecb8b]" started-at="2020-08-12T20:33:53 IST" name="barcodereader" finished-at="2020-08-12T20:35:43 IST" duration-ms="109974" status="PASS">
          <reporter-output>
          </reporter-output>
        </test-method> <!-- barcodereader -->
      </class> <!-- Barcode.barcodegenerator -->
    </test> <!-- Default test -->
  </suite> <!-- Default suite -->
</testng-results>
